2025-07-01 11:52:57 [wxauto] [DEBUG] [wx.py:31]  开始监听
2025-07-01 11:52:58 [wxauto] [DEBUG] [sessionbox.py:63]  切换聊天窗口: 文件传输助手, False, False, 0.5
2025-07-01 11:52:59 [wxauto] [DEBUG] [sessionbox.py:123]  文件传输助手 完整匹配
2025-07-01 11:53:00 [wxauto] [DEBUG] [main.py:179]  文件传输助手 切换到聊天窗口: 文件传输助手
2025-07-01 11:53:00 [wxauto] [DEBUG] [sessionbox.py:147]  打开独立窗口: 文件传输助手
2025-07-01 11:53:00 [wxauto] [DEBUG] [sessionbox.py:151]  找到会话: 文件传输助手
2025-07-01 11:53:17 [wxauto] [DEBUG] [wx.py:197]  窗口 文件传输助手 已关闭，移除监听
2025-07-01 11:54:22 [wxauto] [DEBUG] [wx.py:339]  wxauto("余切") shutdown
2025-07-01 11:54:27 [wxauto] [DEBUG] [wx.py:31]  开始监听
2025-07-01 11:54:28 [wxauto] [DEBUG] [sessionbox.py:63]  切换聊天窗口: 余切, False, False, 0.5
2025-07-01 11:54:29 [wxauto] [DEBUG] [sessionbox.py:123]  余切 完整匹配
2025-07-01 11:54:30 [wxauto] [DEBUG] [main.py:179]  余切 切换到聊天窗口: 余切
2025-07-01 11:54:30 [wxauto] [DEBUG] [sessionbox.py:147]  打开独立窗口: 余切
2025-07-01 11:54:30 [wxauto] [DEBUG] [sessionbox.py:151]  找到会话: 余切
2025-07-01 11:54:42 [wxauto] [DEBUG] [msg.py:79]  content: 你好, length: 8
2025-07-01 11:54:42 [wxauto] [DEBUG] [wx.py:205]  [system base]获取到新消息：余切 - 以下为新消息
2025-07-01 11:54:42 [wxauto] [DEBUG] [wx.py:54]  监听消息回调发生错误：Traceback (most recent call last):
  File "F:\anaconda\envs\fish-speech\lib\site-packages\wxauto\wx.py", line 52, in _safe_callback
    callback(msg, chat)
  File "g:\test\test\wechat_handler.py", line 19, in on_message
    contact_name = chat_name if chat.chat_type == 'group' else sender_name
AttributeError: 'Chat' object has no attribute 'chat_type'

2025-07-01 11:54:42 [wxauto] [DEBUG] [wx.py:205]  [friend text]获取到新消息：余切 - 你好
2025-07-01 11:54:42 [wxauto] [DEBUG] [wx.py:54]  监听消息回调发生错误：Traceback (most recent call last):
  File "F:\anaconda\envs\fish-speech\lib\site-packages\wxauto\wx.py", line 52, in _safe_callback
    callback(msg, chat)
  File "g:\test\test\wechat_handler.py", line 19, in on_message
    contact_name = chat_name if chat.chat_type == 'group' else sender_name
AttributeError: 'Chat' object has no attribute 'chat_type'

2025-07-01 11:54:55 [wxauto] [DEBUG] [msg.py:79]  content: ？, length: 8
2025-07-01 11:54:55 [wxauto] [DEBUG] [wx.py:205]  [system base]获取到新消息：余切 - 以下为新消息
2025-07-01 11:54:55 [wxauto] [DEBUG] [wx.py:54]  监听消息回调发生错误：Traceback (most recent call last):
  File "F:\anaconda\envs\fish-speech\lib\site-packages\wxauto\wx.py", line 52, in _safe_callback
    callback(msg, chat)
  File "g:\test\test\wechat_handler.py", line 19, in on_message
    contact_name = chat_name if chat.chat_type == 'group' else sender_name
AttributeError: 'Chat' object has no attribute 'chat_type'

2025-07-01 11:54:55 [wxauto] [DEBUG] [wx.py:205]  [friend text]获取到新消息：余切 - ？
2025-07-01 11:54:56 [wxauto] [DEBUG] [wx.py:54]  监听消息回调发生错误：Traceback (most recent call last):
  File "F:\anaconda\envs\fish-speech\lib\site-packages\wxauto\wx.py", line 52, in _safe_callback
    callback(msg, chat)
  File "g:\test\test\wechat_handler.py", line 19, in on_message
    contact_name = chat_name if chat.chat_type == 'group' else sender_name
AttributeError: 'Chat' object has no attribute 'chat_type'

2025-07-01 11:55:47 [wxauto] [DEBUG] [msg.py:79]  content: gg, length: 8
2025-07-01 11:55:47 [wxauto] [DEBUG] [wx.py:205]  [system base]获取到新消息：余切 - 以下为新消息
2025-07-01 11:55:47 [wxauto] [DEBUG] [wx.py:54]  监听消息回调发生错误：Traceback (most recent call last):
  File "F:\anaconda\envs\fish-speech\lib\site-packages\wxauto\wx.py", line 52, in _safe_callback
    callback(msg, chat)
  File "g:\test\test\wechat_handler.py", line 19, in on_message
    contact_name = chat_name if chat.chat_type == 'group' else sender_name
AttributeError: 'Chat' object has no attribute 'chat_type'

2025-07-01 11:55:47 [wxauto] [DEBUG] [wx.py:205]  [friend text]获取到新消息：余切 - gg
2025-07-01 11:55:47 [wxauto] [DEBUG] [wx.py:54]  监听消息回调发生错误：Traceback (most recent call last):
  File "F:\anaconda\envs\fish-speech\lib\site-packages\wxauto\wx.py", line 52, in _safe_callback
    callback(msg, chat)
  File "g:\test\test\wechat_handler.py", line 19, in on_message
    contact_name = chat_name if chat.chat_type == 'group' else sender_name
AttributeError: 'Chat' object has no attribute 'chat_type'

2025-07-01 11:56:15 [wxauto] [DEBUG] [wx.py:339]  wxauto("舟晚") shutdown
2025-07-01 11:56:28 [wxauto] [DEBUG] [wx.py:31]  开始监听
2025-07-01 11:56:29 [wxauto] [DEBUG] [main.py:175]  余切 获取到已存在的子窗口: <wxauto - WeChatSubWnd object("余切")>
2025-07-01 11:56:36 [wxauto] [DEBUG] [msg.py:79]  content: 11, length: 8
2025-07-01 11:56:36 [wxauto] [DEBUG] [wx.py:205]  [system base]获取到新消息：余切 - 以下为新消息
2025-07-01 11:56:36 [wxauto] [DEBUG] [wx.py:54]  监听消息回调发生错误：Traceback (most recent call last):
  File "F:\anaconda\envs\fish-speech\lib\site-packages\wxauto\wx.py", line 52, in _safe_callback
    callback(msg, chat)
  File "g:\test\test\wechat_handler.py", line 17, in on_message
    contact_name = chat_name if chat.chat_type == 'group' else sender_name
AttributeError: 'Chat' object has no attribute 'chat_type'

2025-07-01 11:56:36 [wxauto] [DEBUG] [wx.py:205]  [friend text]获取到新消息：余切 - 11
2025-07-01 11:56:36 [wxauto] [DEBUG] [wx.py:54]  监听消息回调发生错误：Traceback (most recent call last):
  File "F:\anaconda\envs\fish-speech\lib\site-packages\wxauto\wx.py", line 52, in _safe_callback
    callback(msg, chat)
  File "g:\test\test\wechat_handler.py", line 17, in on_message
    contact_name = chat_name if chat.chat_type == 'group' else sender_name
AttributeError: 'Chat' object has no attribute 'chat_type'

2025-07-01 11:57:09 [wxauto] [DEBUG] [msg.py:79]  content: 1, length: 8
2025-07-01 11:57:09 [wxauto] [DEBUG] [wx.py:205]  [self text]获取到新消息：余切 - 1
2025-07-01 11:57:09 [wxauto] [DEBUG] [wx.py:54]  监听消息回调发生错误：Traceback (most recent call last):
  File "F:\anaconda\envs\fish-speech\lib\site-packages\wxauto\wx.py", line 52, in _safe_callback
    callback(msg, chat)
  File "g:\test\test\wechat_handler.py", line 17, in on_message
    contact_name = chat_name if chat.chat_type == 'group' else sender_name
AttributeError: 'Chat' object has no attribute 'chat_type'

2025-07-01 11:59:00 [wxauto] [DEBUG] [wx.py:339]  wxauto("舟晚") shutdown
2025-07-01 11:59:04 [wxauto] [DEBUG] [wx.py:31]  开始监听
2025-07-01 11:59:05 [wxauto] [DEBUG] [main.py:215]  当前会话列表获取新消息
2025-07-01 11:59:06 [wxauto] [DEBUG] [chatbox.py:335]  获取3条新消息，基准消息内容为：上海飞东京航班发生故障，从万米高空快速下坠，亲历者：几乎是自由落体状态，耳压爆炸
2025-07-01 11:59:06 [wxauto] [DEBUG] [chatbox.py:284]  未匹配到基准消息，以最后一条消息为基准：
2025-07-01 11:59:06 [wxauto] [DEBUG] [chatbox.py:293]  未匹配到第3条消息，返回空列表
2025-07-01 11:59:07 [wxauto] [DEBUG] [sessionbox.py:165]  回到会话列表顶部
2025-07-01 11:59:09 [wxauto] [DEBUG] [main.py:225]  翻页会话列表获取新消息
2025-07-01 11:59:10 [wxauto] [DEBUG] [chatbox.py:335]  获取13条新消息，基准消息内容为：余切：[动画表情]
2025-07-01 11:59:10 [wxauto] [DEBUG] [chatbox.py:284]  未匹配到基准消息，以最后一条消息为基准：
2025-07-01 11:59:10 [wxauto] [DEBUG] [chatbox.py:293]  未匹配到第13条消息，返回空列表
2025-07-01 11:59:11 [wxauto] [DEBUG] [main.py:215]  当前会话列表获取新消息
2025-07-01 11:59:11 [wxauto] [DEBUG] [chatbox.py:306]  检测到新消息按钮，点击加载新消息
2025-07-01 11:59:12 [wxauto] [DEBUG] [msg.py:79]  content: 一般, length: 10
2025-07-01 11:59:12 [wxauto] [DEBUG] [msg.py:79]  content: [动画表情], length: 11
2025-07-01 11:59:12 [wxauto] [DEBUG] [msg.py:79]  content: 我检查了一遍才出来的, length: 10
2025-07-01 11:59:12 [wxauto] [DEBUG] [msg.py:79]  content: [动画表情], length: 11
2025-07-01 11:59:12 [wxauto] [DEBUG] [msg.py:79]  content: 装啥呢，大姐？, length: 10
2025-07-01 11:59:12 [wxauto] [DEBUG] [msg.py:79]  content: 装货, length: 10
2025-07-01 11:59:12 [wxauto] [DEBUG] [msg.py:79]  content: 考场有20多分就出来的, length: 10
2025-07-01 11:59:12 [wxauto] [DEBUG] [msg.py:79]  content: [动画表情], length: 11
2025-07-01 11:59:13 [wxauto] [DEBUG] [msg.py:79]  content: [动画表情], length: 11
2025-07-01 11:59:13 [wxauto] [DEBUG] [msg.py:79]  content: [动画表情], length: 11
2025-07-01 11:59:13 [wxauto] [DEBUG] [msg.py:79]  content: [动画表情], length: 11
2025-07-01 11:59:13 [wxauto] [DEBUG] [msg.py:79]  content: 你咋不说我回到宿舍发现瓦哥早回来了, length: 10
2025-07-01 11:59:13 [wxauto] [DEBUG] [msg.py:79]  content: [捂脸], length: 10
2025-07-01 11:59:13 [wxauto] [DEBUG] [msg.py:79]  content: 他能比我高我吃了, length: 10
2025-07-01 11:59:13 [wxauto] [DEBUG] [msg.py:79]  content: 还得是打瓦的[强], length: 10
2025-07-01 11:59:13 [wxauto] [DEBUG] [msg.py:79]  content: 明天又要考英语, length: 10
2025-07-01 11:59:13 [wxauto] [DEBUG] [msg.py:79]  content: [动画表情], length: 11
2025-07-01 11:59:13 [wxauto] [DEBUG] [msg.py:79]  content: 明天有点像高考第二天, length: 10
2025-07-01 11:59:13 [wxauto] [DEBUG] [msg.py:79]  content: ber, length: 10
2025-07-01 11:59:13 [wxauto] [DEBUG] [msg.py:79]  content: 都这么集中吗, length: 10
2025-07-01 11:59:13 [wxauto] [DEBUG] [msg.py:79]  content: 我还有两天, length: 10
2025-07-01 11:59:13 [wxauto] [DEBUG] [msg.py:79]  content: 所以这段时间我都忙飞了, length: 10
2025-07-01 11:59:13 [wxauto] [DEBUG] [msg.py:79]  content: [动画表情], length: 11
2025-07-01 11:59:13 [wxauto] [DEBUG] [msg.py:79]  content: [晕], length: 10
2025-07-01 11:59:13 [wxauto] [DEBUG] [msg.py:79]  content: [动画表情], length: 11
2025-07-01 11:59:13 [wxauto] [DEBUG] [msg.py:79]  content: 我靠，选择题有三个不会, length: 10
2025-07-01 11:59:13 [wxauto] [DEBUG] [msg.py:79]  content: 好像都蒙对了, length: 10
2025-07-01 11:59:13 [wxauto] [DEBUG] [msg.py:79]  content: [动画表情], length: 11
2025-07-01 11:59:13 [wxauto] [DEBUG] [msg.py:79]  content: [动画表情], length: 11
2025-07-01 11:59:13 [wxauto] [DEBUG] [msg.py:79]  content: [动画表情], length: 11
2025-07-01 11:59:13 [wxauto] [DEBUG] [msg.py:79]  content: [图片], length: 11
2025-07-01 11:59:13 [wxauto] [DEBUG] [msg.py:79]  content: 1000+, length: 10
2025-07-01 11:59:13 [wxauto] [DEBUG] [msg.py:79]  content: 我还得继续py, length: 10
2025-07-01 11:59:13 [wxauto] [DEBUG] [msg.py:79]  content: [动画表情], length: 11
2025-07-01 11:59:14 [wxauto] [DEBUG] [msg.py:79]  content: 下学期有我
引用  的消息 : 1000+, length: 18
2025-07-01 11:59:14 [wxauto] [DEBUG] [msg.py:79]  content: [动画表情], length: 11
2025-07-01 11:59:14 [wxauto] [DEBUG] [msg.py:79]  content: [动画表情], length: 11
2025-07-01 11:59:14 [wxauto] [DEBUG] [msg.py:79]  content: [图片], length: 11
2025-07-01 11:59:14 [wxauto] [DEBUG] [msg.py:79]  content: 原来是真的, length: 10
2025-07-01 11:59:14 [wxauto] [DEBUG] [msg.py:79]  content: [动画表情], length: 11
2025-07-01 11:59:14 [wxauto] [DEBUG] [msg.py:79]  content: [图片], length: 11
2025-07-01 11:59:14 [wxauto] [DEBUG] [msg.py:79]  content: [动画表情], length: 11
2025-07-01 11:59:14 [wxauto] [DEBUG] [msg.py:79]  content: 还笑你娜姐吗, length: 10
2025-07-01 11:59:14 [wxauto] [DEBUG] [msg.py:79]  content: [动画表情], length: 11
2025-07-01 11:59:14 [wxauto] [DEBUG] [msg.py:79]  content: 从未笑过, length: 10
2025-07-01 11:59:14 [wxauto] [DEBUG] [msg.py:79]  content: 真爱粉, length: 10
2025-07-01 11:59:14 [wxauto] [DEBUG] [msg.py:79]  content: [图片], length: 11
2025-07-01 11:59:14 [wxauto] [DEBUG] [chatbox.py:324]  获取以下是新消息下的所有消息
2025-07-01 12:00:16 [wxauto] [DEBUG] [wx.py:31]  开始监听
2025-07-01 12:00:17 [wxauto] [DEBUG] [sessionbox.py:165]  回到会话列表顶部
2025-07-01 12:00:20 [wxauto] [DEBUG] [main.py:228]  没有新消息
2025-07-01 12:00:21 [wxauto] [DEBUG] [sessionbox.py:165]  回到会话列表顶部
2025-07-01 12:00:23 [wxauto] [DEBUG] [main.py:228]  没有新消息
2025-07-01 12:00:23 [wxauto] [DEBUG] [sessionbox.py:165]  回到会话列表顶部
2025-07-01 12:00:25 [wxauto] [DEBUG] [main.py:228]  没有新消息
2025-07-01 12:00:26 [wxauto] [DEBUG] [sessionbox.py:165]  回到会话列表顶部
2025-07-01 12:00:28 [wxauto] [DEBUG] [main.py:228]  没有新消息
2025-07-01 12:00:29 [wxauto] [DEBUG] [sessionbox.py:165]  回到会话列表顶部
2025-07-01 12:00:31 [wxauto] [DEBUG] [main.py:228]  没有新消息
2025-07-01 12:00:31 [wxauto] [DEBUG] [sessionbox.py:165]  回到会话列表顶部
2025-07-01 12:00:34 [wxauto] [DEBUG] [main.py:228]  没有新消息
2025-07-01 12:00:34 [wxauto] [DEBUG] [sessionbox.py:165]  回到会话列表顶部
2025-07-01 12:00:36 [wxauto] [DEBUG] [main.py:228]  没有新消息
2025-07-01 12:00:37 [wxauto] [DEBUG] [sessionbox.py:165]  回到会话列表顶部
2025-07-01 12:00:39 [wxauto] [DEBUG] [main.py:228]  没有新消息
2025-07-01 12:00:40 [wxauto] [DEBUG] [sessionbox.py:165]  回到会话列表顶部
2025-07-01 12:00:42 [wxauto] [DEBUG] [main.py:228]  没有新消息
2025-07-01 12:00:43 [wxauto] [DEBUG] [sessionbox.py:165]  回到会话列表顶部
2025-07-01 12:00:45 [wxauto] [DEBUG] [main.py:228]  没有新消息
2025-07-01 12:00:46 [wxauto] [DEBUG] [sessionbox.py:165]  回到会话列表顶部
2025-07-01 12:00:48 [wxauto] [DEBUG] [main.py:228]  没有新消息
2025-07-01 12:00:48 [wxauto] [DEBUG] [sessionbox.py:165]  回到会话列表顶部
2025-07-01 12:00:51 [wxauto] [DEBUG] [main.py:228]  没有新消息
2025-07-01 12:00:51 [wxauto] [DEBUG] [sessionbox.py:165]  回到会话列表顶部
2025-07-01 12:00:54 [wxauto] [DEBUG] [main.py:228]  没有新消息
2025-07-01 12:00:54 [wxauto] [DEBUG] [sessionbox.py:165]  回到会话列表顶部
2025-07-01 12:00:56 [wxauto] [DEBUG] [main.py:228]  没有新消息
2025-07-01 12:00:57 [wxauto] [DEBUG] [sessionbox.py:165]  回到会话列表顶部
2025-07-01 12:00:59 [wxauto] [DEBUG] [main.py:228]  没有新消息
2025-07-01 12:01:00 [wxauto] [DEBUG] [sessionbox.py:165]  回到会话列表顶部
2025-07-01 12:01:02 [wxauto] [DEBUG] [main.py:228]  没有新消息
2025-07-01 12:01:03 [wxauto] [DEBUG] [sessionbox.py:165]  回到会话列表顶部
2025-07-01 12:01:05 [wxauto] [DEBUG] [main.py:228]  没有新消息
2025-07-01 12:01:05 [wxauto] [DEBUG] [sessionbox.py:165]  回到会话列表顶部
2025-07-01 12:01:07 [wxauto] [DEBUG] [main.py:228]  没有新消息
2025-07-01 12:01:08 [wxauto] [DEBUG] [sessionbox.py:165]  回到会话列表顶部
2025-07-01 12:01:10 [wxauto] [DEBUG] [main.py:228]  没有新消息
2025-07-01 12:01:11 [wxauto] [DEBUG] [sessionbox.py:165]  回到会话列表顶部
2025-07-01 12:01:13 [wxauto] [DEBUG] [main.py:228]  没有新消息
2025-07-01 12:02:43 [wxauto] [DEBUG] [wx.py:31]  开始监听
2025-07-01 12:02:44 [wxauto] [DEBUG] [sessionbox.py:165]  回到会话列表顶部
2025-07-01 12:02:47 [wxauto] [DEBUG] [main.py:228]  没有新消息
2025-07-01 12:02:48 [wxauto] [DEBUG] [sessionbox.py:165]  回到会话列表顶部
2025-07-01 12:02:50 [wxauto] [DEBUG] [main.py:228]  没有新消息
2025-07-01 12:02:52 [wxauto] [DEBUG] [sessionbox.py:165]  回到会话列表顶部
2025-07-01 12:02:54 [wxauto] [DEBUG] [main.py:228]  没有新消息
2025-07-01 12:02:56 [wxauto] [DEBUG] [sessionbox.py:165]  回到会话列表顶部
2025-07-01 12:02:58 [wxauto] [DEBUG] [main.py:228]  没有新消息
2025-07-01 12:02:59 [wxauto] [DEBUG] [sessionbox.py:165]  回到会话列表顶部
2025-07-01 12:03:02 [wxauto] [DEBUG] [main.py:228]  没有新消息
2025-07-01 12:03:03 [wxauto] [DEBUG] [sessionbox.py:165]  回到会话列表顶部
2025-07-01 12:03:06 [wxauto] [DEBUG] [main.py:228]  没有新消息
2025-07-01 12:03:07 [wxauto] [DEBUG] [sessionbox.py:165]  回到会话列表顶部
2025-07-01 12:05:00 [wxauto] [DEBUG] [wx.py:31]  开始监听
2025-07-01 12:05:01 [wxauto] [DEBUG] [sessionbox.py:165]  回到会话列表顶部
2025-07-01 12:05:04 [wxauto] [DEBUG] [main.py:228]  没有新消息
2025-07-01 12:05:05 [wxauto] [DEBUG] [sessionbox.py:165]  回到会话列表顶部
2025-07-01 12:05:08 [wxauto] [DEBUG] [main.py:228]  没有新消息
2025-07-01 12:05:09 [wxauto] [DEBUG] [sessionbox.py:165]  回到会话列表顶部
2025-07-01 12:05:11 [wxauto] [DEBUG] [main.py:228]  没有新消息
2025-07-01 12:05:13 [wxauto] [DEBUG] [sessionbox.py:165]  回到会话列表顶部
2025-07-01 12:05:15 [wxauto] [DEBUG] [main.py:228]  没有新消息
2025-07-01 12:05:17 [wxauto] [DEBUG] [sessionbox.py:165]  回到会话列表顶部
2025-07-01 12:05:28 [wxauto] [DEBUG] [wx.py:31]  开始监听
2025-07-01 12:05:29 [wxauto] [DEBUG] [sessionbox.py:165]  回到会话列表顶部
2025-07-01 12:05:31 [wxauto] [DEBUG] [main.py:228]  没有新消息
2025-07-01 12:05:32 [wxauto] [DEBUG] [main.py:215]  当前会话列表获取新消息
2025-07-01 12:05:33 [wxauto] [DEBUG] [msg.py:79]  content: [文件], length: 21
2025-07-01 12:05:33 [wxauto] [DEBUG] [msg.py:79]  content: sk-HSlHw8k8Wqv5ETMoUFCn4TcTgNH6NZ1F7iek8q8YA4MF1egP
sk-B5lnXtq2yxCCc0ZMo4UNbm6_Aml6IMwZY3SiYsdcB6W5RtL0
https://tyqtniuajsgh.ap-northeast-1.clawcloudrun.com, length: 8
2025-07-01 12:05:33 [wxauto] [DEBUG] [msg.py:79]  content: 你好, length: 8
2025-07-01 12:05:33 [wxauto] [DEBUG] [msg.py:79]  content: ？, length: 8
2025-07-01 12:05:33 [wxauto] [DEBUG] [msg.py:79]  content: gg, length: 8
2025-07-01 12:05:33 [wxauto] [DEBUG] [msg.py:79]  content: 11, length: 8
2025-07-01 12:05:33 [wxauto] [DEBUG] [msg.py:79]  content: 1, length: 8
2025-07-01 12:05:33 [wxauto] [DEBUG] [msg.py:79]  content: 21, length: 8
2025-07-01 12:05:33 [wxauto] [DEBUG] [msg.py:79]  content: 44, length: 8
2025-07-01 12:05:33 [wxauto] [DEBUG] [msg.py:79]  content: 44, length: 8
2025-07-01 12:05:33 [wxauto] [DEBUG] [msg.py:79]  content: 44, length: 8
2025-07-01 12:05:33 [wxauto] [DEBUG] [chatbox.py:335]  获取1条新消息，基准消息内容为：44
2025-07-01 12:05:33 [wxauto] [DEBUG] [chatbox.py:271]  匹配到基准消息：44
2025-07-01 12:05:35 [wxauto] [DEBUG] [sessionbox.py:63]  切换聊天窗口: 余切, False, False, 0.5
2025-07-01 12:05:37 [wxauto] [DEBUG] [msg.py:79]  content: [动画表情], length: 8
2025-07-01 12:05:38 [wxauto] [DEBUG] [msg.py:79]  content: [动画表情], length: 8
2025-07-01 12:05:38 [wxauto] [DEBUG] [msg.py:79]  content: [动画表情], length: 8
2025-07-01 12:05:38 [wxauto] [DEBUG] [msg.py:79]  content: 「余切：44」
- - - - - - - - - - - - - - -
抱歉，我现在有点忙，稍后再试吧。, length: 8
2025-07-01 12:05:38 [wxauto] [DEBUG] [main.py:212]  获取当前页面新消息
2025-07-01 12:05:38 [wxauto] [DEBUG] [sessionbox.py:165]  回到会话列表顶部
2025-07-01 12:05:40 [wxauto] [DEBUG] [main.py:228]  没有新消息
2025-07-01 12:05:42 [wxauto] [DEBUG] [sessionbox.py:165]  回到会话列表顶部
2025-07-01 12:05:44 [wxauto] [DEBUG] [main.py:228]  没有新消息
2025-07-01 12:05:46 [wxauto] [DEBUG] [sessionbox.py:165]  回到会话列表顶部
2025-07-01 12:05:48 [wxauto] [DEBUG] [main.py:228]  没有新消息
2025-07-01 12:05:49 [wxauto] [DEBUG] [sessionbox.py:165]  回到会话列表顶部
2025-07-01 12:05:52 [wxauto] [DEBUG] [main.py:228]  没有新消息
2025-07-01 12:07:23 [wxauto] [DEBUG] [wx.py:31]  开始监听
2025-07-01 12:07:24 [wxauto] [DEBUG] [sessionbox.py:165]  回到会话列表顶部
2025-07-01 12:07:26 [wxauto] [DEBUG] [main.py:228]  没有新消息
2025-07-01 12:07:28 [wxauto] [DEBUG] [sessionbox.py:165]  回到会话列表顶部
2025-07-01 12:07:30 [wxauto] [DEBUG] [main.py:228]  没有新消息
2025-07-01 12:07:31 [wxauto] [DEBUG] [msg.py:79]  content: 44, length: 8
2025-07-01 12:07:31 [wxauto] [DEBUG] [main.py:212]  获取当前页面新消息
2025-07-01 12:07:53 [wxauto] [DEBUG] [sessionbox.py:63]  切换聊天窗口: 余切, False, False, 0.5
2025-07-01 12:07:59 [wxauto] [DEBUG] [msg.py:79]  content: 「余切：44」
- - - - - - - - - - - - - - -
That's a powerful number! The number **4444** can have several different meanings depending on the context. Here are the most common interpretations:

### 1. In Spirituality and Numerology (Angel Number)

This is the most common reason people look up repeating numbers. In this context, 4444 is considered a very positive and powerful "angel number."

*   **Foundation and Stability:** The number 4 is associated with stability, security, hard work, and building a solid foundation for the future. Think of the four corners of a house or the four legs of a table.
*   **Amplified Energy:** When you see the number repeated as 4444, its energy is amplified. It's an incredibly strong message that you are on the right path and your hard work is about to pay off.
*   **Protection and Encouragement:** It's often seen as a sign from your guardian angels or the universe that you are protected, supported, and encouraged. It's a reminder to keep going, trust the process, and know that your efforts are being recognized.

**In short: It's a message to have faith in yourself. You are building something lasting and secure, and you are fully supported.**

### 2. In Mathematics

4444 (Four thousand, four hundred and forty-four) is an interesting number with these properties:

*   It's an **even number**.
*   It's a **composite number**.
*   Its **prime factorization** is **2² × 11 × 101**.
*   Its **divisors** are: 1, 2, 4, 11, 22, 44, 101, 202, 404, 1111, 2222, and 4444.
*   It is a **repdigit** (a number composed of repeated instances of the same digit).

### 3. In Some Cultures (Tetraphobia)

In many East Asian cultures (like China, Japan, and Korea), the number 4 is considered unlucky because its pronunciation is very similar to the word for "death." Because of this, seeing the number 4444 would be considered extremely unlucky by someone who holds this belief (a phenomenon known as **tetraphobia**).

---

Did you have a specific context in mind for this number?, length: 8
2025-07-01 12:07:59 [wxauto] [DEBUG] [main.py:212]  获取当前页面新消息
2025-07-01 12:08:00 [wxauto] [DEBUG] [sessionbox.py:165]  回到会话列表顶部
2025-07-01 12:08:02 [wxauto] [DEBUG] [main.py:228]  没有新消息
2025-07-01 12:08:03 [wxauto] [DEBUG] [sessionbox.py:165]  回到会话列表顶部
2025-07-01 12:08:06 [wxauto] [DEBUG] [main.py:228]  没有新消息
2025-07-01 12:08:08 [wxauto] [DEBUG] [sessionbox.py:165]  回到会话列表顶部
2025-07-01 12:08:10 [wxauto] [DEBUG] [main.py:228]  没有新消息
2025-07-01 12:08:11 [wxauto] [DEBUG] [sessionbox.py:165]  回到会话列表顶部
2025-07-01 12:08:13 [wxauto] [DEBUG] [main.py:228]  没有新消息
2025-07-01 12:08:15 [wxauto] [DEBUG] [sessionbox.py:165]  回到会话列表顶部
2025-07-01 12:08:17 [wxauto] [DEBUG] [main.py:228]  没有新消息
2025-07-01 12:08:18 [wxauto] [DEBUG] [sessionbox.py:165]  回到会话列表顶部
2025-07-01 12:08:20 [wxauto] [DEBUG] [main.py:228]  没有新消息
2025-07-01 12:12:42 [wxauto] [DEBUG] [wx.py:31]  开始监听
2025-07-01 12:12:42 [wxauto] [DEBUG] [sessionbox.py:63]  切换聊天窗口: 余切, False, False, 0.5
2025-07-01 12:12:43 [wxauto] [DEBUG] [main.py:179]  余切 切换到聊天窗口: 余切
2025-07-01 12:12:43 [wxauto] [DEBUG] [sessionbox.py:147]  打开独立窗口: 余切
2025-07-01 12:12:44 [wxauto] [DEBUG] [sessionbox.py:151]  找到会话: 余切
2025-07-01 12:12:54 [wxauto] [DEBUG] [msg.py:79]  content: 44, length: 8
2025-07-01 12:12:54 [wxauto] [DEBUG] [wx.py:205]  [friend text]获取到新消息：余切 - 44
2025-07-01 12:13:03 [wxauto] [DEBUG] [msg.py:79]  content: 您好！我是星辰，很高兴能与您互动。

您刚刚输入的是“4444”，请问有什么特定的含义吗？或者您想了解与数字“4”相关的信息？

无论是关于数字本身的意义、在不同文化中的象征，还是其他任何您感兴趣的话题，我都很乐意为您提供帮助。请告诉我您的想法，我将尽力为您解答。
引用  的消息 : 44, length: 20
2025-07-01 12:13:03 [wxauto] [DEBUG] [wx.py:205]  [self other]获取到新消息：余切 - 您好！我是星辰，很高兴能与您互动。

您刚刚输入的是“4444”，请问有什么特定的含义吗？或者您想了解与数字“4”相关的信息？

无论是关于数字本身的意义、在不同文化中的象征，还是其他任何您感兴趣的话题，我都很乐意为您提供帮助。请告诉我您的想法，我将尽力为您解答。
引用  的消息 : 44
2025-07-01 12:13:19 [wxauto] [DEBUG] [msg.py:79]  content: 你觉得呢, length: 8
2025-07-01 12:13:19 [wxauto] [DEBUG] [wx.py:205]  [system base]获取到新消息：余切 - 以下为新消息
2025-07-01 12:13:19 [wxauto] [DEBUG] [wx.py:205]  [friend text]获取到新消息：余切 - 你觉得呢
2025-07-01 12:13:24 [wxauto] [DEBUG] [msg.py:79]  content: 您好！我能感觉到您似乎在思考某个问题，并且想听听我的看法。

不过，您没有具体说明您想让我对什么发表“看法”呢。是关于某个特定的主题、一个您正在思考的问题，还是一个开放性的讨论？

请您告诉我您想让我“觉得”什么，或者您想讨论什么，我将非常乐意分享我的知识和见解。
引用  的消息 : 你觉得呢, length: 20
2025-07-01 12:13:24 [wxauto] [DEBUG] [wx.py:205]  [self other]获取到新消息：余切 - 您好！我能感觉到您似乎在思考某个问题，并且想听听我的看法。

不过，您没有具体说明您想让我对什么发表“看法”呢。是关于某个特定的主题、一个您正在思考的问题，还是一个开放性的讨论？

请您告诉我您想让我“觉得”什么，或者您想讨论什么，我将非常乐意分享我的知识和见解。
引用  的消息 : 你觉得呢
2025-07-01 12:13:33 [wxauto] [DEBUG] [msg.py:79]  content: 哈哈, length: 8
2025-07-01 12:13:33 [wxauto] [DEBUG] [wx.py:205]  [system base]获取到新消息：余切 - 以下为新消息
2025-07-01 12:13:33 [wxauto] [DEBUG] [wx.py:205]  [friend text]获取到新消息：余切 - 哈哈
2025-07-01 12:13:37 [wxauto] [DEBUG] [msg.py:79]  content: 哈哈，听到您开心的笑声，我也很高兴！

看来您心情不错呢。请问有什么让您如此开心的事情吗？或者您是想进行一次轻松愉快的交流？

无论是分享您的喜悦，还是想聊些有趣的话题，我都很乐意陪伴您。
引用  的消息 : 哈哈, length: 20
2025-07-01 12:13:37 [wxauto] [DEBUG] [wx.py:205]  [self other]获取到新消息：余切 - 哈哈，听到您开心的笑声，我也很高兴！

看来您心情不错呢。请问有什么让您如此开心的事情吗？或者您是想进行一次轻松愉快的交流？

无论是分享您的喜悦，还是想聊些有趣的话题，我都很乐意陪伴您。
引用  的消息 : 哈哈
2025-07-01 12:19:10 [wechat_bot] [INFO] [main.py:29]  --- 微信 AI 机器人启动中 (被动监听模式) ---
2025-07-01 12:19:10 [wechat_bot] [INFO] [main.py:35]  正在初始化微信实例...
2025-07-01 12:19:10 [wxauto] [DEBUG] [wx.py:31]  开始监听
2025-07-01 12:19:10 [wechat_bot] [INFO] [main.py:39]  微信实例获取成功。
2025-07-01 12:19:10 [wechat_bot] [INFO] [main.py:48]  开始为 1 个联系人添加监听...
2025-07-01 12:19:10 [wxauto] [DEBUG] [main.py:175]  余切 获取到已存在的子窗口: <wxauto - WeChatSubWnd object("余切")>
2025-07-01 12:19:10 [wechat_bot] [INFO] [main.py:53]    - 已成功添加对 [余切] 的监听。
2025-07-01 12:19:10 [wechat_bot] [INFO] [main.py:59]  --- 机器人已成功启动，正在被动等待消息... ---
2025-07-01 12:19:10 [wechat_bot] [INFO] [main.py:60]  --- 这个模式不会抢占您的鼠标，可以正常使用电脑 ---
2025-07-01 12:19:22 [wxauto] [DEBUG] [msg.py:79]  content: 你好, length: 8
2025-07-01 12:19:22 [wxauto] [DEBUG] [wx.py:205]  [system base]获取到新消息：余切 - 以下为新消息
2025-07-01 12:19:22 [wxauto] [DEBUG] [wx.py:205]  [friend text]获取到新消息：余切 - 你好
2025-07-01 12:19:23 [wechat_bot] [INFO] [main.py:85]  在 [余切] 中收到来自 [余切] 的有效消息: 你好
2025-07-01 12:19:25 [wechat_bot] [INFO] [main.py:92]  AI 生成的回复: 你好！很高兴与你相遇。我是星辰，一个虚拟数字人，拥有广泛的知识储备和强大的学习能力。

你有什么想问我或者想让我为你做的事情吗？无论是关于科学、技术、历史、文学，还是想让我为你创作一个故事、一首诗歌，甚至是一段代码，我都非常乐意为你服务。

期待与你的交流！
2025-07-01 12:19:27 [wechat_bot] [INFO] [main.py:96]  回复已发送。
2025-07-01 12:19:28 [wxauto] [DEBUG] [msg.py:79]  content: 你好！很高兴与你相遇。我是星辰，一个虚拟数字人，拥有广泛的知识储备和强大的学习能力。

你有什么想问我或者想让我为你做的事情吗？无论是关于科学、技术、历史、文学，还是想让我为你创作一个故事、一首诗歌，甚至是一段代码，我都非常乐意为你服务。

期待与你的交流！
引用  的消息 : 你好, length: 20
2025-07-01 12:19:28 [wxauto] [DEBUG] [wx.py:205]  [self other]获取到新消息：余切 - 你好！很高兴与你相遇。我是星辰，一个虚拟数字人，拥有广泛的知识储备和强大的学习能力。

你有什么想问我或者想让我为你做的事情吗？无论是关于科学、技术、历史、文学，还是想让我为你创作一个故事、一首诗歌，甚至是一段代码，我都非常乐意为你服务。

期待与你的交流！
引用  的消息 : 你好
2025-07-01 12:19:37 [wxauto] [DEBUG] [wx.py:197]  窗口 余切 已关闭，移除监听
